[2019-11-07T20:17:25,022][INFO ][o.e.n.Node               ] [] initializing ...
[2019-11-07T20:17:25,287][INFO ][o.e.e.NodeEnvironment    ] [49BegR_] using [1] data paths, mounts [[Office (D:)]], net usable_space [250.3gb], net total_space [310.5gb], spins? [unknown], types [NTFS]
[2019-11-07T20:17:25,287][INFO ][o.e.e.NodeEnvironment    ] [49BegR_] heap size [1.9gb], compressed ordinary object pointers [true]
[2019-11-07T20:17:25,347][INFO ][o.e.n.Node               ] node name [49BegR_] derived from node ID [49BegR_7TCOC4PaD2gKeDA]; set [node.name] to override
[2019-11-07T20:17:25,347][INFO ][o.e.n.Node               ] version[5.6.0], pid[6616], build[781a835/2017-09-07T03:09:58.087Z], OS[Windows 10/10.0/amd64], JVM[Oracle Corporation/Java HotSpot(TM) 64-Bit Server VM/1.8.0_211/25.211-b12]
[2019-11-07T20:17:25,349][INFO ][o.e.n.Node               ] JVM arguments [-Xms2g, -Xmx2g, -XX:+UseConcMarkSweepGC, -XX:CMSInitiatingOccupancyFraction=75, -XX:+UseCMSInitiatingOccupancyOnly, -XX:+AlwaysPreTouch, -Xss1m, -Djava.awt.headless=true, -Dfile.encoding=UTF-8, -Djna.nosys=true, -Djdk.io.permissionsUseCanonicalPath=true, -Dio.netty.noUnsafe=true, -Dio.netty.noKeySetOptimization=true, -Dio.netty.recycler.maxCapacityPerThread=0, -Dlog4j.shutdownHookEnabled=false, -Dlog4j2.disable.jmx=true, -Dlog4j.skipJansi=true, -XX:+HeapDumpOnOutOfMemoryError, -Delasticsearch, -Des.path.home=D:\科创\ES\elasticsearch-5.6.0]
[2019-11-07T20:17:26,839][INFO ][o.e.p.PluginsService     ] [49BegR_] loaded module [aggs-matrix-stats]
[2019-11-07T20:17:26,839][INFO ][o.e.p.PluginsService     ] [49BegR_] loaded module [ingest-common]
[2019-11-07T20:17:26,839][INFO ][o.e.p.PluginsService     ] [49BegR_] loaded module [lang-expression]
[2019-11-07T20:17:26,839][INFO ][o.e.p.PluginsService     ] [49BegR_] loaded module [lang-groovy]
[2019-11-07T20:17:26,839][INFO ][o.e.p.PluginsService     ] [49BegR_] loaded module [lang-mustache]
[2019-11-07T20:17:26,839][INFO ][o.e.p.PluginsService     ] [49BegR_] loaded module [lang-painless]
[2019-11-07T20:17:26,840][INFO ][o.e.p.PluginsService     ] [49BegR_] loaded module [parent-join]
[2019-11-07T20:17:26,840][INFO ][o.e.p.PluginsService     ] [49BegR_] loaded module [percolator]
[2019-11-07T20:17:26,840][INFO ][o.e.p.PluginsService     ] [49BegR_] loaded module [reindex]
[2019-11-07T20:17:26,840][INFO ][o.e.p.PluginsService     ] [49BegR_] loaded module [transport-netty3]
[2019-11-07T20:17:26,840][INFO ][o.e.p.PluginsService     ] [49BegR_] loaded module [transport-netty4]
[2019-11-07T20:17:26,841][INFO ][o.e.p.PluginsService     ] [49BegR_] no plugins loaded
[2019-11-07T20:17:29,797][INFO ][o.e.d.DiscoveryModule    ] [49BegR_] using discovery type [zen]
[2019-11-07T20:17:30,531][INFO ][o.e.n.Node               ] initialized
[2019-11-07T20:17:30,531][INFO ][o.e.n.Node               ] [49BegR_] starting ...
[2019-11-07T20:17:32,068][INFO ][o.e.t.TransportService   ] [49BegR_] publish_address {127.0.0.1:9300}, bound_addresses {127.0.0.1:9300}, {[::1]:9300}
[2019-11-07T20:17:35,228][INFO ][o.e.c.s.ClusterService   ] [49BegR_] new_master {49BegR_}{49BegR_7TCOC4PaD2gKeDA}{hGKR81xiSOm6Mx0NrzauXQ}{127.0.0.1}{127.0.0.1:9300}, reason: zen-disco-elected-as-master ([0] nodes joined)
[2019-11-07T20:17:35,631][INFO ][o.e.g.GatewayService     ] [49BegR_] recovered [1] indices into cluster_state
[2019-11-07T20:17:36,304][INFO ][o.e.h.n.Netty4HttpServerTransport] [49BegR_] publish_address {127.0.0.1:9200}, bound_addresses {127.0.0.1:9200}, {[::1]:9200}
[2019-11-07T20:17:36,305][INFO ][o.e.n.Node               ] [49BegR_] started
[2019-11-07T20:17:37,468][INFO ][o.e.c.r.a.AllocationService] [49BegR_] Cluster health status changed from [RED] to [YELLOW] (reason: [shards started [[code_recommend][2]] ...]).
[2019-11-07T21:21:07,942][WARN ][o.e.h.n.Netty4HttpServerTransport] [49BegR_] caught exception while handling client http traffic, closing connection [id: 0xfe00bf8e, L:/127.0.0.1:9200 - R:/127.0.0.1:62711]
java.io.IOException: 远程主机强迫关闭了一个现有的连接。
	at sun.nio.ch.SocketDispatcher.read0(Native Method) ~[?:?]
	at sun.nio.ch.SocketDispatcher.read(SocketDispatcher.java:43) ~[?:?]
	at sun.nio.ch.IOUtil.readIntoNativeBuffer(IOUtil.java:223) ~[?:?]
	at sun.nio.ch.IOUtil.read(IOUtil.java:197) ~[?:?]
	at sun.nio.ch.SocketChannelImpl.read(SocketChannelImpl.java:380) ~[?:?]
	at io.netty.buffer.PooledHeapByteBuf.setBytes(PooledHeapByteBuf.java:261) ~[netty-buffer-4.1.13.Final.jar:4.1.13.Final]
	at io.netty.buffer.AbstractByteBuf.writeBytes(AbstractByteBuf.java:1100) ~[netty-buffer-4.1.13.Final.jar:4.1.13.Final]
	at io.netty.channel.socket.nio.NioSocketChannel.doReadBytes(NioSocketChannel.java:372) ~[netty-transport-4.1.13.Final.jar:4.1.13.Final]
	at io.netty.channel.nio.AbstractNioByteChannel$NioByteUnsafe.read(AbstractNioByteChannel.java:123) [netty-transport-4.1.13.Final.jar:4.1.13.Final]
	at io.netty.channel.nio.NioEventLoop.processSelectedKey(NioEventLoop.java:644) [netty-transport-4.1.13.Final.jar:4.1.13.Final]
	at io.netty.channel.nio.NioEventLoop.processSelectedKeysPlain(NioEventLoop.java:544) [netty-transport-4.1.13.Final.jar:4.1.13.Final]
	at io.netty.channel.nio.NioEventLoop.processSelectedKeys(NioEventLoop.java:498) [netty-transport-4.1.13.Final.jar:4.1.13.Final]
	at io.netty.channel.nio.NioEventLoop.run(NioEventLoop.java:458) [netty-transport-4.1.13.Final.jar:4.1.13.Final]
	at io.netty.util.concurrent.SingleThreadEventExecutor$5.run(SingleThreadEventExecutor.java:858) [netty-common-4.1.13.Final.jar:4.1.13.Final]
	at java.lang.Thread.run(Thread.java:748) [?:1.8.0_211]
[2019-11-07T21:21:07,942][WARN ][o.e.h.n.Netty4HttpServerTransport] [49BegR_] caught exception while handling client http traffic, closing connection [id: 0x2929dc82, L:/127.0.0.1:9200 - R:/127.0.0.1:62655]
java.io.IOException: 远程主机强迫关闭了一个现有的连接。
	at sun.nio.ch.SocketDispatcher.read0(Native Method) ~[?:?]
	at sun.nio.ch.SocketDispatcher.read(SocketDispatcher.java:43) ~[?:?]
	at sun.nio.ch.IOUtil.readIntoNativeBuffer(IOUtil.java:223) ~[?:?]
	at sun.nio.ch.IOUtil.read(IOUtil.java:197) ~[?:?]
	at sun.nio.ch.SocketChannelImpl.read(SocketChannelImpl.java:380) ~[?:?]
	at io.netty.buffer.PooledHeapByteBuf.setBytes(PooledHeapByteBuf.java:261) ~[netty-buffer-4.1.13.Final.jar:4.1.13.Final]
	at io.netty.buffer.AbstractByteBuf.writeBytes(AbstractByteBuf.java:1100) ~[netty-buffer-4.1.13.Final.jar:4.1.13.Final]
	at io.netty.channel.socket.nio.NioSocketChannel.doReadBytes(NioSocketChannel.java:372) ~[netty-transport-4.1.13.Final.jar:4.1.13.Final]
	at io.netty.channel.nio.AbstractNioByteChannel$NioByteUnsafe.read(AbstractNioByteChannel.java:123) [netty-transport-4.1.13.Final.jar:4.1.13.Final]
	at io.netty.channel.nio.NioEventLoop.processSelectedKey(NioEventLoop.java:644) [netty-transport-4.1.13.Final.jar:4.1.13.Final]
	at io.netty.channel.nio.NioEventLoop.processSelectedKeysPlain(NioEventLoop.java:544) [netty-transport-4.1.13.Final.jar:4.1.13.Final]
	at io.netty.channel.nio.NioEventLoop.processSelectedKeys(NioEventLoop.java:498) [netty-transport-4.1.13.Final.jar:4.1.13.Final]
	at io.netty.channel.nio.NioEventLoop.run(NioEventLoop.java:458) [netty-transport-4.1.13.Final.jar:4.1.13.Final]
	at io.netty.util.concurrent.SingleThreadEventExecutor$5.run(SingleThreadEventExecutor.java:858) [netty-common-4.1.13.Final.jar:4.1.13.Final]
	at java.lang.Thread.run(Thread.java:748) [?:1.8.0_211]
[2019-11-07T21:21:07,942][WARN ][o.e.h.n.Netty4HttpServerTransport] [49BegR_] caught exception while handling client http traffic, closing connection [id: 0xc9ec40ef, L:/127.0.0.1:9200 - R:/127.0.0.1:62710]
java.io.IOException: 远程主机强迫关闭了一个现有的连接。
	at sun.nio.ch.SocketDispatcher.read0(Native Method) ~[?:?]
	at sun.nio.ch.SocketDispatcher.read(SocketDispatcher.java:43) ~[?:?]
	at sun.nio.ch.IOUtil.readIntoNativeBuffer(IOUtil.java:223) ~[?:?]
	at sun.nio.ch.IOUtil.read(IOUtil.java:197) ~[?:?]
	at sun.nio.ch.SocketChannelImpl.read(SocketChannelImpl.java:380) ~[?:?]
	at io.netty.buffer.PooledHeapByteBuf.setBytes(PooledHeapByteBuf.java:261) ~[netty-buffer-4.1.13.Final.jar:4.1.13.Final]
	at io.netty.buffer.AbstractByteBuf.writeBytes(AbstractByteBuf.java:1100) ~[netty-buffer-4.1.13.Final.jar:4.1.13.Final]
	at io.netty.channel.socket.nio.NioSocketChannel.doReadBytes(NioSocketChannel.java:372) ~[netty-transport-4.1.13.Final.jar:4.1.13.Final]
	at io.netty.channel.nio.AbstractNioByteChannel$NioByteUnsafe.read(AbstractNioByteChannel.java:123) [netty-transport-4.1.13.Final.jar:4.1.13.Final]
	at io.netty.channel.nio.NioEventLoop.processSelectedKey(NioEventLoop.java:644) [netty-transport-4.1.13.Final.jar:4.1.13.Final]
	at io.netty.channel.nio.NioEventLoop.processSelectedKeysPlain(NioEventLoop.java:544) [netty-transport-4.1.13.Final.jar:4.1.13.Final]
	at io.netty.channel.nio.NioEventLoop.processSelectedKeys(NioEventLoop.java:498) [netty-transport-4.1.13.Final.jar:4.1.13.Final]
	at io.netty.channel.nio.NioEventLoop.run(NioEventLoop.java:458) [netty-transport-4.1.13.Final.jar:4.1.13.Final]
	at io.netty.util.concurrent.SingleThreadEventExecutor$5.run(SingleThreadEventExecutor.java:858) [netty-common-4.1.13.Final.jar:4.1.13.Final]
	at java.lang.Thread.run(Thread.java:748) [?:1.8.0_211]
[2019-11-07T21:44:17,370][INFO ][o.e.b.Bootstrap          ] running graceful exit on windows
[2019-11-07T21:44:17,371][INFO ][o.e.n.Node               ] [49BegR_] stopping ...
[2019-11-07T21:44:17,950][INFO ][o.e.n.Node               ] [49BegR_] stopped
[2019-11-07T21:44:17,950][INFO ][o.e.n.Node               ] [49BegR_] closing ...
[2019-11-07T21:44:17,957][INFO ][o.e.n.Node               ] [49BegR_] closed
[2019-11-07T21:46:04,184][INFO ][o.e.n.Node               ] [] initializing ...
[2019-11-07T21:46:04,296][INFO ][o.e.e.NodeEnvironment    ] [49BegR_] using [1] data paths, mounts [[Office (D:)]], net usable_space [250.3gb], net total_space [310.5gb], spins? [unknown], types [NTFS]
[2019-11-07T21:46:04,296][INFO ][o.e.e.NodeEnvironment    ] [49BegR_] heap size [1.9gb], compressed ordinary object pointers [true]
[2019-11-07T21:46:04,350][INFO ][o.e.n.Node               ] node name [49BegR_] derived from node ID [49BegR_7TCOC4PaD2gKeDA]; set [node.name] to override
[2019-11-07T21:46:04,350][INFO ][o.e.n.Node               ] version[5.6.0], pid[13684], build[781a835/2017-09-07T03:09:58.087Z], OS[Windows 10/10.0/amd64], JVM[Oracle Corporation/Java HotSpot(TM) 64-Bit Server VM/1.8.0_211/25.211-b12]
[2019-11-07T21:46:04,350][INFO ][o.e.n.Node               ] JVM arguments [-Xms2g, -Xmx2g, -XX:+UseConcMarkSweepGC, -XX:CMSInitiatingOccupancyFraction=75, -XX:+UseCMSInitiatingOccupancyOnly, -XX:+AlwaysPreTouch, -Xss1m, -Djava.awt.headless=true, -Dfile.encoding=UTF-8, -Djna.nosys=true, -Djdk.io.permissionsUseCanonicalPath=true, -Dio.netty.noUnsafe=true, -Dio.netty.noKeySetOptimization=true, -Dio.netty.recycler.maxCapacityPerThread=0, -Dlog4j.shutdownHookEnabled=false, -Dlog4j2.disable.jmx=true, -Dlog4j.skipJansi=true, -XX:+HeapDumpOnOutOfMemoryError, -Delasticsearch, -Des.path.home=D:\科创\ES\elasticsearch-5.6.0]
[2019-11-07T21:46:05,002][INFO ][o.e.p.PluginsService     ] [49BegR_] loaded module [aggs-matrix-stats]
[2019-11-07T21:46:05,002][INFO ][o.e.p.PluginsService     ] [49BegR_] loaded module [ingest-common]
[2019-11-07T21:46:05,002][INFO ][o.e.p.PluginsService     ] [49BegR_] loaded module [lang-expression]
[2019-11-07T21:46:05,003][INFO ][o.e.p.PluginsService     ] [49BegR_] loaded module [lang-groovy]
[2019-11-07T21:46:05,003][INFO ][o.e.p.PluginsService     ] [49BegR_] loaded module [lang-mustache]
[2019-11-07T21:46:05,003][INFO ][o.e.p.PluginsService     ] [49BegR_] loaded module [lang-painless]
[2019-11-07T21:46:05,003][INFO ][o.e.p.PluginsService     ] [49BegR_] loaded module [parent-join]
[2019-11-07T21:46:05,003][INFO ][o.e.p.PluginsService     ] [49BegR_] loaded module [percolator]
[2019-11-07T21:46:05,003][INFO ][o.e.p.PluginsService     ] [49BegR_] loaded module [reindex]
[2019-11-07T21:46:05,004][INFO ][o.e.p.PluginsService     ] [49BegR_] loaded module [transport-netty3]
[2019-11-07T21:46:05,004][INFO ][o.e.p.PluginsService     ] [49BegR_] loaded module [transport-netty4]
[2019-11-07T21:46:05,004][INFO ][o.e.p.PluginsService     ] [49BegR_] no plugins loaded
[2019-11-07T21:46:06,646][INFO ][o.e.d.DiscoveryModule    ] [49BegR_] using discovery type [zen]
[2019-11-07T21:46:06,958][INFO ][o.e.n.Node               ] initialized
[2019-11-07T21:46:06,958][INFO ][o.e.n.Node               ] [49BegR_] starting ...
[2019-11-07T21:46:08,314][INFO ][o.e.t.TransportService   ] [49BegR_] publish_address {127.0.0.1:9300}, bound_addresses {127.0.0.1:9300}, {[::1]:9300}
[2019-11-07T21:46:11,349][INFO ][o.e.c.s.ClusterService   ] [49BegR_] new_master {49BegR_}{49BegR_7TCOC4PaD2gKeDA}{7xML0GvLR-OaZTkqth4OJQ}{127.0.0.1}{127.0.0.1:9300}, reason: zen-disco-elected-as-master ([0] nodes joined)
[2019-11-07T21:46:11,566][INFO ][o.e.g.GatewayService     ] [49BegR_] recovered [1] indices into cluster_state
[2019-11-07T21:46:12,179][INFO ][o.e.c.r.a.AllocationService] [49BegR_] Cluster health status changed from [RED] to [YELLOW] (reason: [shards started [[code_recommend][3]] ...]).
[2019-11-07T21:46:12,215][INFO ][o.e.h.n.Netty4HttpServerTransport] [49BegR_] publish_address {127.0.0.1:9200}, bound_addresses {127.0.0.1:9200}, {[::1]:9200}
[2019-11-07T21:46:12,215][INFO ][o.e.n.Node               ] [49BegR_] started
[2019-11-07T22:08:10,529][INFO ][o.e.b.Bootstrap          ] running graceful exit on windows
[2019-11-07T22:08:10,529][INFO ][o.e.n.Node               ] [49BegR_] stopping ...
[2019-11-07T22:08:10,556][INFO ][o.e.n.Node               ] [49BegR_] stopped
[2019-11-07T22:08:10,557][INFO ][o.e.n.Node               ] [49BegR_] closing ...
[2019-11-07T22:08:10,562][INFO ][o.e.n.Node               ] [49BegR_] closed
