[2019-09-08T22:46:28,581][INFO ][o.e.n.Node               ] [] initializing ...
[2019-09-08T22:46:28,830][INFO ][o.e.e.NodeEnvironment    ] [49BegR_] using [1] data paths, mounts [[Program (D:)]], net usable_space [130.5gb], net total_space [345.5gb], spins? [unknown], types [NTFS]
[2019-09-08T22:46:28,831][INFO ][o.e.e.NodeEnvironment    ] [49BegR_] heap size [1.9gb], compressed ordinary object pointers [true]
[2019-09-08T22:46:29,966][INFO ][o.e.n.Node               ] node name [49BegR_] derived from node ID [49BegR_7TCOC4PaD2gKeDA]; set [node.name] to override
[2019-09-08T22:46:29,967][INFO ][o.e.n.Node               ] version[5.6.0], pid[12900], build[781a835/2017-09-07T03:09:58.087Z], OS[Windows 10/10.0/amd64], JVM[Oracle Corporation/Java HotSpot(TM) 64-Bit Server VM/12.0.1/12.0.1+12]
[2019-09-08T22:46:29,969][INFO ][o.e.n.Node               ] JVM arguments [-Xms2g, -Xmx2g, -XX:+UseConcMarkSweepGC, -XX:CMSInitiatingOccupancyFraction=75, -XX:+UseCMSInitiatingOccupancyOnly, -XX:+AlwaysPreTouch, -Xss1m, -Djava.awt.headless=true, -Dfile.encoding=UTF-8, -Djna.nosys=true, -Djdk.io.permissionsUseCanonicalPath=true, -Dio.netty.noUnsafe=true, -Dio.netty.noKeySetOptimization=true, -Dio.netty.recycler.maxCapacityPerThread=0, -Dlog4j.shutdownHookEnabled=false, -Dlog4j2.disable.jmx=true, -Dlog4j.skipJansi=true, -XX:+HeapDumpOnOutOfMemoryError, -Delasticsearch, -Des.path.home=D:\MobileFile\elasticsearch-5.6.0]
[2019-09-08T22:46:31,765][INFO ][o.e.p.PluginsService     ] [49BegR_] loaded module [aggs-matrix-stats]
[2019-09-08T22:46:31,766][INFO ][o.e.p.PluginsService     ] [49BegR_] loaded module [ingest-common]
[2019-09-08T22:46:31,766][INFO ][o.e.p.PluginsService     ] [49BegR_] loaded module [lang-expression]
[2019-09-08T22:46:31,766][INFO ][o.e.p.PluginsService     ] [49BegR_] loaded module [lang-groovy]
[2019-09-08T22:46:31,766][INFO ][o.e.p.PluginsService     ] [49BegR_] loaded module [lang-mustache]
[2019-09-08T22:46:31,766][INFO ][o.e.p.PluginsService     ] [49BegR_] loaded module [lang-painless]
[2019-09-08T22:46:31,767][INFO ][o.e.p.PluginsService     ] [49BegR_] loaded module [parent-join]
[2019-09-08T22:46:31,767][INFO ][o.e.p.PluginsService     ] [49BegR_] loaded module [percolator]
[2019-09-08T22:46:31,767][INFO ][o.e.p.PluginsService     ] [49BegR_] loaded module [reindex]
[2019-09-08T22:46:31,768][INFO ][o.e.p.PluginsService     ] [49BegR_] loaded module [transport-netty3]
[2019-09-08T22:46:31,768][INFO ][o.e.p.PluginsService     ] [49BegR_] loaded module [transport-netty4]
[2019-09-08T22:46:31,769][INFO ][o.e.p.PluginsService     ] [49BegR_] no plugins loaded
[2019-09-08T22:46:34,934][INFO ][o.e.d.DiscoveryModule    ] [49BegR_] using discovery type [zen]
[2019-09-08T22:46:35,857][INFO ][o.e.n.Node               ] initialized
[2019-09-08T22:46:35,858][INFO ][o.e.n.Node               ] [49BegR_] starting ...
[2019-09-08T22:46:36,796][INFO ][o.e.t.TransportService   ] [49BegR_] publish_address {127.0.0.1:9300}, bound_addresses {127.0.0.1:9300}, {[::1]:9300}
[2019-09-08T22:46:39,930][INFO ][o.e.c.s.ClusterService   ] [49BegR_] new_master {49BegR_}{49BegR_7TCOC4PaD2gKeDA}{zSwKwWNWT_SnkxAJe8ctjA}{127.0.0.1}{127.0.0.1:9300}, reason: zen-disco-elected-as-master ([0] nodes joined)
[2019-09-08T22:46:40,566][INFO ][o.e.h.n.Netty4HttpServerTransport] [49BegR_] publish_address {127.0.0.1:9200}, bound_addresses {127.0.0.1:9200}, {[::1]:9200}
[2019-09-08T22:46:40,574][INFO ][o.e.n.Node               ] [49BegR_] started
[2019-09-08T22:46:40,981][INFO ][o.e.g.GatewayService     ] [49BegR_] recovered [7] indices into cluster_state
[2019-09-08T22:46:51,739][INFO ][o.e.c.r.a.AllocationService] [49BegR_] Cluster health status changed from [RED] to [YELLOW] (reason: [shards started [[methodbody][3], [methodbody][0]] ...]).
[2019-09-08T22:47:31,198][INFO ][o.e.c.m.MetaDataDeleteIndexService] [49BegR_] [variabletype/Esc98fm0QNyIWCTOIbpjPA] deleting index
[2019-09-08T22:47:37,905][INFO ][o.e.c.m.MetaDataDeleteIndexService] [49BegR_] [variablename/qX-6X0rrSIOkNBlF0is5Rg] deleting index
[2019-09-08T22:47:42,895][INFO ][o.e.c.m.MetaDataDeleteIndexService] [49BegR_] [returnvalue/1nuHFlgsRq-yUsFZChL2Vg] deleting index
[2019-09-08T22:47:47,562][INFO ][o.e.c.m.MetaDataDeleteIndexService] [49BegR_] [parameterlist/_Wo8mU_MTverq1wbbo64rw] deleting index
[2019-09-08T22:47:52,860][INFO ][o.e.c.m.MetaDataDeleteIndexService] [49BegR_] [apislnvocation/0hk0bICoSs27R9SnlTGREQ] deleting index
[2019-09-08T22:47:59,203][INFO ][o.e.c.m.MetaDataDeleteIndexService] [49BegR_] [methodbody/0iHAanoKTIqnlL_2i8OBDg] deleting index
[2019-09-08T22:50:48,965][INFO ][o.e.c.m.MetaDataDeleteIndexService] [49BegR_] [.kibana/FC9bdmxITVCbFNbeslb2CA] deleting index
[2019-09-08T23:04:09,492][INFO ][o.e.b.Bootstrap          ] running graceful exit on windows
[2019-09-08T23:04:09,498][INFO ][o.e.n.Node               ] [49BegR_] stopping ...
[2019-09-08T23:04:09,569][INFO ][o.e.n.Node               ] [49BegR_] stopped
[2019-09-08T23:04:09,570][INFO ][o.e.n.Node               ] [49BegR_] closing ...
[2019-09-08T23:04:09,642][INFO ][o.e.n.Node               ] [49BegR_] closed
